[2020-06-04 15:01:58,335    revolve] INFO     Starting Factory.
[2020-06-04 15:01:58,335    revolve] INFO     Importing module.
[2020-06-04 15:03:20,894    revolve] INFO     Starting Factory.
[2020-06-04 15:03:20,894    revolve] INFO     Importing module.
[2020-06-04 15:03:20,895    revolve] INFO     Importing file.
[2020-06-04 15:03:20,895    revolve] INFO     Loading Robot.
[2020-06-04 15:03:20,901    revolve] INFO     Parsing robot to model.
[2020-06-05 11:59:56,869    revolve] INFO     Starting Factory.
[2020-06-05 11:59:56,870    revolve] INFO     Importing module.
[2020-06-05 11:59:56,870    revolve] INFO     Importing file.
[2020-06-05 11:59:56,871    revolve] INFO     Loading Robot.
[2020-06-05 11:59:56,876    revolve] INFO     Parsing robot to model.
[2020-06-05 12:13:39,271    revolve] INFO     Starting Factory.
[2020-06-05 12:13:39,271    revolve] INFO     Importing module.
[2020-06-05 12:13:39,271    revolve] INFO     Importing file.
[2020-06-05 12:13:39,272    revolve] INFO     Loading Robot.
[2020-06-05 12:13:39,277    revolve] INFO     Parsing robot to model.
[2020-06-05 12:14:16,207    revolve] INFO     Starting Factory.
[2020-06-05 12:14:16,207    revolve] INFO     Importing module.
[2020-06-05 12:14:16,207    revolve] INFO     Importing file.
[2020-06-05 12:14:16,208    revolve] INFO     Loading Robot.
[2020-06-05 12:14:16,213    revolve] INFO     Parsing robot to model.
[2020-06-05 12:15:00,535    revolve] INFO     Starting Factory.
[2020-06-05 12:15:00,536    revolve] INFO     Importing module.
[2020-06-05 12:15:00,536    revolve] INFO     Importing file.
[2020-06-05 12:15:00,537    revolve] INFO     Loading Robot.
[2020-06-05 12:15:00,552    revolve] INFO     Parsing robot to model.
[2020-06-05 12:16:28,605    revolve] INFO     Starting Factory.
[2020-06-05 12:16:28,605    revolve] INFO     Importing module.
[2020-06-05 12:16:28,606    revolve] INFO     Importing file.
[2020-06-05 12:16:28,607    revolve] INFO     Loading Robot.
[2020-06-05 12:18:48,775    revolve] INFO     Starting Factory.
[2020-06-05 12:18:48,775    revolve] INFO     Importing module.
[2020-06-05 12:18:48,776    revolve] INFO     Importing file.
[2020-06-05 12:18:48,776    revolve] INFO     Loading Robot.
[2020-06-05 12:18:48,782    revolve] INFO     Parsing robot to model.
[2020-06-05 12:19:02,391    revolve] INFO     Starting Factory.
[2020-06-05 12:19:02,391    revolve] INFO     Importing module.
[2020-06-05 12:19:02,392    revolve] INFO     Importing file.
[2020-06-05 12:19:02,392    revolve] INFO     Loading Robot.
[2020-06-05 12:20:55,297    revolve] INFO     Starting Factory.
[2020-06-05 12:20:55,298    revolve] INFO     Importing module.
[2020-06-05 12:20:55,298    revolve] INFO     Importing file.
[2020-06-05 12:20:55,298    revolve] INFO     Loading Robot.
[2020-06-05 12:21:57,015    revolve] INFO     Starting Factory.
[2020-06-05 12:21:57,015    revolve] INFO     Importing module.
[2020-06-05 12:21:57,015    revolve] INFO     Importing file.
[2020-06-05 12:21:57,016    revolve] INFO     Loading Robot.
[2020-06-05 12:21:57,019    revolve] INFO     Parsing robot to model.
